2022-02-09 20:47:13 [main] INFO  - Starting HundirflotaApplication using Java 17.0.1 on DESKTOP-D87BROG with PID 6452 (G:\workspaces\spring-workspaces\Battleship\target\classes started by danie in G:\workspaces\spring-workspaces\Battleship)
2022-02-09 20:47:13 [main] INFO  - The following profiles are active: pre
2022-02-09 20:47:13 [main] INFO  - Bootstrapping Spring Data JPA repositories in DEFAULT mode.
2022-02-09 20:47:13 [main] INFO  - Finished Spring Data repository scanning in 30 ms. Found 5 JPA repository interfaces.
2022-02-09 20:47:13 [main] INFO  - Tomcat initialized with port(s): 8080 (http)
2022-02-09 20:47:13 [main] INFO  - Starting service [Tomcat]
2022-02-09 20:47:13 [main] INFO  - Starting Servlet engine: [Apache Tomcat/9.0.56]
2022-02-09 20:47:14 [main] INFO  - Initializing Spring embedded WebApplicationContext
2022-02-09 20:47:14 [main] INFO  - Root WebApplicationContext: initialization completed in 673 ms
2022-02-09 20:47:14 [main] INFO  - HHH000204: Processing PersistenceUnitInfo [name: default]
2022-02-09 20:47:14 [main] INFO  - HHH000412: Hibernate ORM core version 5.6.4.Final
2022-02-09 20:47:14 [main] INFO  - HCANN000001: Hibernate Commons Annotations {5.1.2.Final}
2022-02-09 20:47:14 [main] INFO  - HikariPool-1 - Starting...
2022-02-09 20:47:14 [main] INFO  - HikariPool-1 - Start completed.
2022-02-09 20:47:14 [main] INFO  - HHH000400: Using dialect: org.hibernate.dialect.PostgreSQL95Dialect
2022-02-09 20:47:14 [main] INFO  - HHH000490: Using JtaPlatform implementation: [org.hibernate.engine.transaction.jta.platform.internal.NoJtaPlatform]
2022-02-09 20:47:14 [main] INFO  - Initialized JPA EntityManagerFactory for persistence unit 'default'
2022-02-09 20:47:15 [main] WARN  - spring.jpa.open-in-view is enabled by default. Therefore, database queries may be performed during view rendering. Explicitly configure spring.jpa.open-in-view to disable this warning
2022-02-09 20:47:15 [main] INFO  - Will secure any request with [org.springframework.security.web.context.request.async.WebAsyncManagerIntegrationFilter@3c205259, org.springframework.security.web.context.SecurityContextPersistenceFilter@25fcdcc6, org.springframework.security.web.header.HeaderWriterFilter@63af52a6, org.springframework.web.filter.CorsFilter@5bc40f5d, org.springframework.security.web.authentication.logout.LogoutFilter@46051269, com.daniel.hundirflota.security.JWTFilter@744f0e0b, org.springframework.security.web.savedrequest.RequestCacheAwareFilter@79ae3fb1, org.springframework.security.web.servletapi.SecurityContextHolderAwareRequestFilter@72406594, org.springframework.security.web.authentication.AnonymousAuthenticationFilter@20923380, org.springframework.security.web.session.SessionManagementFilter@3c5bb37d, org.springframework.security.web.access.ExceptionTranslationFilter@5d035ab6, org.springframework.security.web.access.intercept.AuthorizationFilter@10f192d8]
2022-02-09 20:47:15 [main] INFO  - Tomcat started on port(s): 8080 (http) with context path ''
2022-02-09 20:47:15 [main] INFO  - Started HundirflotaApplication in 2.572 seconds (JVM running for 3.239)
2022-02-09 20:47:21 [http-nio-8080-exec-1] INFO  - Initializing Spring DispatcherServlet 'dispatcherServlet'
2022-02-09 20:47:21 [http-nio-8080-exec-1] INFO  - Initializing Servlet 'dispatcherServlet'
2022-02-09 20:47:21 [http-nio-8080-exec-1] INFO  - Completed initialization in 0 ms
2022-02-09 22:25:00 [RMI TCP Connection(101)-127.0.0.1] INFO  - Application shutdown requested.
2022-02-09 22:25:00 [RMI TCP Connection(101)-127.0.0.1] INFO  - Closing JPA EntityManagerFactory for persistence unit 'default'
2022-02-09 22:25:00 [RMI TCP Connection(101)-127.0.0.1] INFO  - HikariPool-1 - Shutdown initiated...
2022-02-09 22:25:00 [RMI TCP Connection(101)-127.0.0.1] INFO  - HikariPool-1 - Shutdown completed.
